<?xml version="1.0" encoding="UTF-8"?>
<testng-results skipped="0" failed="0" ignored="0" total="5" passed="5">
  <reporter-output>
  </reporter-output>
  <suite name="Suite" duration-ms="82254" started-at="2023-03-16T13:12:07 IST" finished-at="2023-03-16T13:13:29 IST">
    <groups>
      <group name="cucumber">
        <method signature="AbstractTestNGCucumberTests.runScenario(io.cucumber.testng.PickleWrapper, io.cucumber.testng.FeatureWrapper)[pri:0, instance:runner.TestRunner@7a30d1e6]" name="runScenario" class="io.cucumber.testng.AbstractTestNGCucumberTests"/>
      </group> <!-- cucumber -->
    </groups>
    <test name="Test" duration-ms="82254" started-at="2023-03-16T13:12:07 IST" finished-at="2023-03-16T13:13:29 IST">
      <class name="runner.TestRunner">
        <test-method status="PASS" signature="setUpClass(org.testng.ITestContext)[pri:0, instance:runner.TestRunner@7a30d1e6]" name="setUpClass" is-config="true" duration-ms="17113" started-at="2023-03-16T13:12:07 IST" finished-at="2023-03-16T13:12:24 IST">
          <params>
            <param index="0">
              <value>
                <![CDATA[org.testng.TestRunner@3dd31157]]>
              </value>
            </param>
          </params>
          <reporter-output>
          </reporter-output>
        </test-method> <!-- setUpClass -->
        <test-method status="PASS" signature="runScenario(io.cucumber.testng.PickleWrapper, io.cucumber.testng.FeatureWrapper)[pri:0, instance:runner.TestRunner@7a30d1e6]" name="runScenario" duration-ms="11786" started-at="2023-03-16T13:12:24 IST" description="Runs Cucumber Scenarios" data-provider="scenarios" finished-at="2023-03-16T13:12:36 IST">
          <params>
            <param index="0">
              <value>
                <![CDATA["Login into App"]]>
              </value>
            </param>
            <param index="1">
              <value>
                <![CDATA["DemoBlaze Test"]]>
              </value>
            </param>
          </params>
          <reporter-output>
          </reporter-output>
        </test-method> <!-- runScenario -->
        <test-method status="PASS" signature="runScenario(io.cucumber.testng.PickleWrapper, io.cucumber.testng.FeatureWrapper)[pri:0, instance:runner.TestRunner@7a30d1e6]" name="runScenario" duration-ms="14881" started-at="2023-03-16T13:12:36 IST" description="Runs Cucumber Scenarios" data-provider="scenarios" finished-at="2023-03-16T13:12:51 IST">
          <params>
            <param index="0">
              <value>
                <![CDATA["Adding Items to Cart"]]>
              </value>
            </param>
            <param index="1">
              <value>
                <![CDATA["DemoBlaze Test"]]>
              </value>
            </param>
          </params>
          <reporter-output>
          </reporter-output>
        </test-method> <!-- runScenario -->
        <test-method status="PASS" signature="runScenario(io.cucumber.testng.PickleWrapper, io.cucumber.testng.FeatureWrapper)[pri:0, instance:runner.TestRunner@7a30d1e6]" name="runScenario" duration-ms="12779" started-at="2023-03-16T13:12:51 IST" description="Runs Cucumber Scenarios" data-provider="scenarios" finished-at="2023-03-16T13:13:03 IST">
          <params>
            <param index="0">
              <value>
                <![CDATA["Adding Items to Cart"]]>
              </value>
            </param>
            <param index="1">
              <value>
                <![CDATA["DemoBlaze Test"]]>
              </value>
            </param>
          </params>
          <reporter-output>
          </reporter-output>
        </test-method> <!-- runScenario -->
        <test-method status="PASS" signature="runScenario(io.cucumber.testng.PickleWrapper, io.cucumber.testng.FeatureWrapper)[pri:0, instance:runner.TestRunner@7a30d1e6]" name="runScenario" duration-ms="11179" started-at="2023-03-16T13:13:03 IST" description="Runs Cucumber Scenarios" data-provider="scenarios" finished-at="2023-03-16T13:13:15 IST">
          <params>
            <param index="0">
              <value>
                <![CDATA["Delete an Item from Cart"]]>
              </value>
            </param>
            <param index="1">
              <value>
                <![CDATA["DemoBlaze Test"]]>
              </value>
            </param>
          </params>
          <reporter-output>
          </reporter-output>
        </test-method> <!-- runScenario -->
        <test-method status="PASS" signature="runScenario(io.cucumber.testng.PickleWrapper, io.cucumber.testng.FeatureWrapper)[pri:0, instance:runner.TestRunner@7a30d1e6]" name="runScenario" duration-ms="11168" started-at="2023-03-16T13:13:15 IST" description="Runs Cucumber Scenarios" data-provider="scenarios" finished-at="2023-03-16T13:13:26 IST">
          <params>
            <param index="0">
              <value>
                <![CDATA["Purchase Items"]]>
              </value>
            </param>
            <param index="1">
              <value>
                <![CDATA["DemoBlaze Test"]]>
              </value>
            </param>
          </params>
          <reporter-output>
          </reporter-output>
        </test-method> <!-- runScenario -->
        <test-method status="PASS" signature="tearDownClass()[pri:0, instance:runner.TestRunner@7a30d1e6]" name="tearDownClass" is-config="true" duration-ms="3172" started-at="2023-03-16T13:13:26 IST" finished-at="2023-03-16T13:13:29 IST">
          <reporter-output>
          </reporter-output>
        </test-method> <!-- tearDownClass -->
      </class> <!-- runner.TestRunner -->
    </test> <!-- Test -->
  </suite> <!-- Suite -->
</testng-results>
